This is pdfTeX, Version 3.14159265-2.6-1.40.15 (TeX Live 2014) (preloaded format=pdflatex 2014.6.22)  31 JAN 2016 20:59
entering extended mode
 restricted \write18 enabled.
 file:line:error style messages enabled.
 %&-line parsing enabled.
**willis-events-sigir-2016.tex
(./willis-events-sigir-2016.tex
LaTeX2e <2014/05/01>
Babel <3.9k> and hyphenation patterns for 21 languages loaded.
(./sig-alternate.cls
(/usr/local/texlive/2014basic/texmf-dist/tex/latex/graphics/epsfig.sty
Package: epsfig 1999/02/16 v1.7a (e)psfig emulation (SPQR)

(/usr/local/texlive/2014basic/texmf-dist/tex/latex/graphics/graphicx.sty
Package: graphicx 2014/04/25 v1.0g Enhanced LaTeX Graphics (DPC,SPQR)

(/usr/local/texlive/2014basic/texmf-dist/tex/latex/graphics/keyval.sty
Package: keyval 2014/05/08 v1.15 key=value parser (DPC)
\KV@toks@=\toks14
)
(/usr/local/texlive/2014basic/texmf-dist/tex/latex/graphics/graphics.sty
Package: graphics 2009/02/05 v1.0o Standard LaTeX Graphics (DPC,SPQR)

(/usr/local/texlive/2014basic/texmf-dist/tex/latex/graphics/trig.sty
Package: trig 1999/03/16 v1.09 sin cos tan (DPC)
)
(/usr/local/texlive/2014basic/texmf-dist/tex/latex/latexconfig/graphics.cfg
File: graphics.cfg 2010/04/23 v1.9 graphics configuration of TeX Live
)
Package graphics Info: Driver file: pdftex.def on input line 91.

(/usr/local/texlive/2014basic/texmf-dist/tex/latex/pdftex-def/pdftex.def
File: pdftex.def 2011/05/27 v0.06d Graphics/color for pdfTeX

(/usr/local/texlive/2014basic/texmf-dist/tex/generic/oberdiek/infwarerr.sty
Package: infwarerr 2010/04/08 v1.3 Providing info/warning/error messages (HO)
)
(/usr/local/texlive/2014basic/texmf-dist/tex/generic/oberdiek/ltxcmds.sty
Package: ltxcmds 2011/11/09 v1.22 LaTeX kernel commands for general use (HO)
)
\Gread@gobject=\count79
))
\Gin@req@height=\dimen102
\Gin@req@width=\dimen103
)
\epsfxsize=\dimen104
\epsfysize=\dimen105
)
(/usr/local/texlive/2014basic/texmf-dist/tex/latex/amsfonts/amssymb.sty
Package: amssymb 2013/01/14 v3.01 AMS font symbols

(/usr/local/texlive/2014basic/texmf-dist/tex/latex/amsfonts/amsfonts.sty
Package: amsfonts 2013/01/14 v3.01 Basic AMSFonts support
\@emptytoks=\toks15
\symAMSa=\mathgroup4
\symAMSb=\mathgroup5
LaTeX Font Info:    Overwriting math alphabet `\mathfrak' in version `bold'
(Font)                  U/euf/m/n --> U/euf/b/n on input line 106.
))
(/usr/local/texlive/2014basic/texmf-dist/tex/latex/amsmath/amsmath.sty
Package: amsmath 2013/01/14 v2.14 AMS math features
\@mathmargin=\skip41

For additional information on amsmath, use the `?' option.
(/usr/local/texlive/2014basic/texmf-dist/tex/latex/amsmath/amstext.sty
Package: amstext 2000/06/29 v2.01

(/usr/local/texlive/2014basic/texmf-dist/tex/latex/amsmath/amsgen.sty
File: amsgen.sty 1999/11/30 v2.0
\@emptytoks=\toks16
\ex@=\dimen106
))
(/usr/local/texlive/2014basic/texmf-dist/tex/latex/amsmath/amsbsy.sty
Package: amsbsy 1999/11/29 v1.2d
\pmbraise@=\dimen107
)
(/usr/local/texlive/2014basic/texmf-dist/tex/latex/amsmath/amsopn.sty
Package: amsopn 1999/12/14 v2.01 operator names
)
\inf@bad=\count80
LaTeX Info: Redefining \frac on input line 210.
\uproot@=\count81
\leftroot@=\count82
LaTeX Info: Redefining \overline on input line 306.
\classnum@=\count83
\DOTSCASE@=\count84
LaTeX Info: Redefining \ldots on input line 378.
LaTeX Info: Redefining \dots on input line 381.
LaTeX Info: Redefining \cdots on input line 466.
\Mathstrutbox@=\box26
\strutbox@=\box27
\big@size=\dimen108
LaTeX Font Info:    Redeclaring font encoding OML on input line 566.
LaTeX Font Info:    Redeclaring font encoding OMS on input line 567.
\macc@depth=\count85
\c@MaxMatrixCols=\count86
\dotsspace@=\muskip10
\c@parentequation=\count87
\dspbrk@lvl=\count88
\tag@help=\toks17
\row@=\count89
\column@=\count90
\maxfields@=\count91
\andhelp@=\toks18
\eqnshift@=\dimen109
\alignsep@=\dimen110
\tagshift@=\dimen111
\tagwidth@=\dimen112
\totwidth@=\dimen113
\lineht@=\dimen114
\@envbody=\toks19
\multlinegap=\skip42
\multlinetaggap=\skip43
\mathdisplay@stack=\toks20
LaTeX Info: Redefining \[ on input line 2665.
LaTeX Info: Redefining \] on input line 2666.
)
Document Class 'sig-alternate' <23rd. May '12>. Modified by G.K.M. Tobin/Gerry 
Murray
Based in part upon document Style `acmconf' <22 May 89>. Hacked 4/91 by
shivers@cs.cmu.edu, 4/93 by theobald@cs.mcgill.ca
Excerpts were taken from (Journal Style) 'esub2acm.cls'.
****** Bugs/comments/suggestions/technicalities to Gerry Murray -- murray@hq.ac
m.org ******
Questions on the style, SIGS policies, etc. to Adrienne Griscti griscti@acm.org

\footheight=\dimen115
\@maxsep=\dimen116
\@dblmaxsep=\dimen117
\aucount=\count92
\originalaucount=\count93
\auwidth=\dimen118
\auskip=\dimen119
\auskipcount=\count94
\auskip=\dimen120
\allauboxes=\dimen121
\addauthors=\toks21
\addauflag=\count95
\subtitletext=\toks22
\savesection=\count96
\sectioncntr=\count97
\c@figure=\count98
\c@table=\count99
\titleboxnotes=\toks23
\titleboxnoteflag=\count100
Document Class: sig-alternate 2012/05/23 - V2.5 - based on acmproc.cls V1.3 <No
v. 30 '99>
(/usr/local/texlive/2014basic/texmf-dist/tex/latex/base/latexsym.sty
Package: latexsym 1998/08/17 v2.2e Standard LaTeX package (lasy symbols)
\symlasy=\mathgroup6
LaTeX Font Info:    Overwriting symbol font `lasy' in version `bold'
(Font)                  U/lasy/m/n --> U/lasy/b/n on input line 47.
)
\@acmtitlebox=\box28
\titlenotecount=\count101
\tntoks=\toks24
\tntokstwo=\toks25
\tntoksthree=\toks26
\tntoksfour=\toks27
\tntoksfive=\toks28
\catcount=\count102
\copyrightnotice=\toks29
\conf=\toks30
\confinfo=\toks31
\c@part=\count103
\c@section=\count104
\c@subsection=\count105
\c@subsubsection=\count106
\c@paragraph=\count107

Using 'Abbrev' bibliography style
LaTeX Info: Redefining \cite on input line 1211.
\bibindent=\dimen122
\colcntr=\count108
\saveb@x=\box29
\copyrtyr=\toks32
\acmcopyr=\toks33
\boilerplate=\toks34
\copyrightetc=\toks35
(/usr/local/texlive/2014basic/texmf-dist/tex/latex/base/fontenc.sty
Package: fontenc 2005/09/27 v1.99g Standard LaTeX package

(/usr/local/texlive/2014basic/texmf-dist/tex/latex/base/t1enc.def
File: t1enc.def 2005/09/27 v1.99g Standard LaTeX file
LaTeX Font Info:    Redeclaring font encoding T1 on input line 43.
)
LaTeX Font Info:    Try loading font information for T1+aer on input line 100.

(/usr/local/texlive/2014basic/texmf-dist/tex/latex/ae/t1aer.fd
File: t1aer.fd 1997/11/16 Font definitions for T1/aer.
)))
(/usr/local/texlive/2014basic/texmf-dist/tex/latex/tools/verbatim.sty
Package: verbatim 2003/08/22 v1.5q LaTeX2e package for verbatim enhancements
\every@verbatim=\toks36
\verbatim@line=\toks37
\verbatim@in@stream=\read1
)
(/usr/local/texlive/2014basic/texmf-dist/tex/latex/tools/array.sty
Package: array 2008/09/09 v2.4c Tabular extension package (FMi)
\col@sep=\dimen123
\extrarowheight=\dimen124
\NC@list=\toks38
\extratabsurround=\skip44
\backup@length=\skip45
)
(/usr/local/texlive/2014basic/texmf-dist/tex/latex/caption/caption.sty
Package: caption 2013/05/02 v3.3-89 Customizing captions (AR)

(/usr/local/texlive/2014basic/texmf-dist/tex/latex/caption/caption3.sty
Package: caption3 2013/05/02 v1.6-88 caption3 kernel (AR)
Package caption3 Info: TeX engine: e-TeX on input line 57.
\captionmargin=\dimen125
\captionmargin@=\dimen126
\captionwidth=\dimen127
\caption@tempdima=\dimen128
\caption@indent=\dimen129
\caption@parindent=\dimen130
\caption@hangindent=\dimen131
\abovecaptionskip=\skip46
\belowcaptionskip=\skip47
Package caption Info: Unknown document class (or package),
(caption)             standard defaults will be used.
)

Package caption Warning: Unsupported document class (or package) detected,
(caption)                usage of the caption package is not recommended.
See the caption package documentation for explanation.

Package caption Info: \@makecaption = \long macro:#1#2-> \vskip 10pt \setbox \@
tempboxa \hbox {\textbf {#1: #2}} \ifdim \wd \@tempboxa >\hsize \textbf {#1: #2
}\par \else \hbox to\hsize {\hfil \box \@tempboxa \hfil } \fi .
\c@ContinuedFloat=\count109
) (/usr/local/texlive/2014basic/texmf-dist/tex/latex/caption/subcaption.sty
Package: subcaption 2013/02/03 v1.1-62 Sub-captions (AR)
\c@subfigure=\count110
\c@subtable=\count111
)
\c@definition=\count112

(./willis-events-sigir-2016.aux)
\openout1 = `willis-events-sigir-2016.aux'.

LaTeX Font Info:    Checking defaults for OML/cmm/m/it on input line 9.
LaTeX Font Info:    ... okay on input line 9.
LaTeX Font Info:    Checking defaults for T1/cmr/m/n on input line 9.
LaTeX Font Info:    ... okay on input line 9.
LaTeX Font Info:    Checking defaults for OT1/cmr/m/n on input line 9.
LaTeX Font Info:    ... okay on input line 9.
LaTeX Font Info:    Checking defaults for OMS/cmsy/m/n on input line 9.
LaTeX Font Info:    ... okay on input line 9.
LaTeX Font Info:    Checking defaults for OMX/cmex/m/n on input line 9.
LaTeX Font Info:    ... okay on input line 9.
LaTeX Font Info:    Checking defaults for U/cmr/m/n on input line 9.
LaTeX Font Info:    ... okay on input line 9.

(/usr/local/texlive/2014basic/texmf-dist/tex/context/base/supp-pdf.mkii
[Loading MPS to PDF converter (version 2006.09.02).]
\scratchcounter=\count113
\scratchdimen=\dimen132
\scratchbox=\box30
\nofMPsegments=\count114
\nofMParguments=\count115
\everyMPshowfont=\toks39
\MPscratchCnt=\count116
\MPscratchDim=\dimen133
\MPnumerator=\count117
\makeMPintoPDFobject=\count118
\everyMPtoPDFconversion=\toks40
) (/usr/local/texlive/2014basic/texmf-dist/tex/generic/oberdiek/pdftexcmds.sty
Package: pdftexcmds 2011/11/29 v0.20 Utility functions of pdfTeX for LuaTeX (HO
)

(/usr/local/texlive/2014basic/texmf-dist/tex/generic/oberdiek/ifluatex.sty
Package: ifluatex 2010/03/01 v1.3 Provides the ifluatex switch (HO)
Package ifluatex Info: LuaTeX not detected.
)
(/usr/local/texlive/2014basic/texmf-dist/tex/generic/oberdiek/ifpdf.sty
Package: ifpdf 2011/01/30 v2.3 Provides the ifpdf switch (HO)
Package ifpdf Info: pdfTeX in PDF mode is detected.
)
Package pdftexcmds Info: LuaTeX not detected.
Package pdftexcmds Info: \pdf@primitive is available.
Package pdftexcmds Info: \pdf@ifprimitive is available.
Package pdftexcmds Info: \pdfdraftmode found.
)
(/usr/local/texlive/2014basic/texmf-dist/tex/latex/oberdiek/epstopdf-base.sty
Package: epstopdf-base 2010/02/09 v2.5 Base part for package epstopdf

(/usr/local/texlive/2014basic/texmf-dist/tex/latex/oberdiek/grfext.sty
Package: grfext 2010/08/19 v1.1 Manage graphics extensions (HO)

(/usr/local/texlive/2014basic/texmf-dist/tex/generic/oberdiek/kvdefinekeys.sty
Package: kvdefinekeys 2011/04/07 v1.3 Define keys (HO)
)) (/usr/local/texlive/2014basic/texmf-dist/tex/latex/oberdiek/kvoptions.sty
Package: kvoptions 2011/06/30 v3.11 Key value format for package options (HO)

(/usr/local/texlive/2014basic/texmf-dist/tex/generic/oberdiek/kvsetkeys.sty
Package: kvsetkeys 2012/04/25 v1.16 Key value parser (HO)

(/usr/local/texlive/2014basic/texmf-dist/tex/generic/oberdiek/etexcmds.sty
Package: etexcmds 2011/02/16 v1.5 Avoid name clashes with e-TeX commands (HO)
Package etexcmds Info: Could not find \expanded.
(etexcmds)             That can mean that you are not using pdfTeX 1.50 or
(etexcmds)             that some package has redefined \expanded.
(etexcmds)             In the latter case, load this package earlier.
)))
Package grfext Info: Graphics extension search list:
(grfext)             [.png,.pdf,.jpg,.mps,.jpeg,.jbig2,.jb2,.PNG,.PDF,.JPG,.JPE
G,.JBIG2,.JB2,.eps]
(grfext)             \AppendGraphicsExtensions on input line 452.

(/usr/local/texlive/2014basic/texmf-dist/tex/latex/latexconfig/epstopdf-sys.cfg
File: epstopdf-sys.cfg 2010/07/13 v1.3 Configuration of (r)epstopdf for TeX Liv
e
))
Package caption Info: Begin \AtBeginDocument code.
Package caption Info: End \AtBeginDocument code.
LaTeX Font Info:    Try loading font information for U+msa on input line 23.
 (/usr/local/texlive/2014basic/texmf-dist/tex/latex/amsfonts/umsa.fd
File: umsa.fd 2013/01/14 v3.01 AMS symbols A
)
LaTeX Font Info:    Try loading font information for U+msb on input line 23.

(/usr/local/texlive/2014basic/texmf-dist/tex/latex/amsfonts/umsb.fd
File: umsb.fd 2013/01/14 v3.01 AMS symbols B
)
LaTeX Font Info:    Try loading font information for U+lasy on input line 23.

(/usr/local/texlive/2014basic/texmf-dist/tex/latex/base/ulasy.fd
File: ulasy.fd 1998/08/17 v2.2e LaTeX symbol font definitions
)
Overfull \hbox (1.5819pt too wide) in paragraph at lines 25--26
\T1/aer/m/n/9 sim-ple un-su-per-vised method for iden-ti-fy-ing large-scale eve
nts
 []

[1{/usr/local/texlive/2014basic/texmf-var/fonts/map/pdftex/updmap/pdftex.map}


]
Overfull \hbox (5.83987pt too wide) in paragraph at lines 65--65
[]\secfnt EVENT DE-TEC-TION MODEL (TMINMF) 
 []


Overfull \hbox (2.9031pt too wide) in paragraph at lines 110--112
[][] \T1/aer/m/it/9 Given
 []


Overfull \hbox (12.87749pt too wide) in paragraph at lines 121--122
[]\T1/aer/m/n/9 Most pre-vi-ous treat-ments of this task of-fer eval-u-a-tion t
hrough
 []


Overfull \hbox (10.00406pt too wide) in paragraph at lines 155--157
\T1/aer/m/n/9 as ef-fec-tive queries against ex-ter-nal cor-pora, such as Wikip
edia.
 []

[2]
Overfull \hbox (13.28192pt too wide) in paragraph at lines 176--177
\T1/aer/m/n/9 events'' list con-tains 126 unique events rep-re-sented by Wikipe
dia
 []

<plots/events_at_depth.pdf, id=24, 505.89pt x 505.89pt>
File: plots/events_at_depth.pdf Graphic file (type pdf)

<use plots/events_at_depth.pdf>
Package pdftex.def Info: plots/events_at_depth.pdf used on input line 183.
(pdftex.def)             Requested size: 113.81102pt x 113.80489pt.

<plots/prop_at_depth.pdf, id=25, 505.89pt x 505.89pt>
File: plots/prop_at_depth.pdf Graphic file (type pdf)

<use plots/prop_at_depth.pdf>
Package pdftex.def Info: plots/prop_at_depth.pdf used on input line 187.
(pdftex.def)             Requested size: 113.81102pt x 113.80489pt.

Overfull \hbox (12.0pt too wide) in paragraph at lines 181--189
 []$[]$$[]$ 
 []


Overfull \hbox (4.55733pt too wide) in paragraph at lines 197--197
[]|\T1/aer/bx/n/7 ID| 
 []


Underfull \hbox (badness 10000) in paragraph at lines 198--198
[]|\T1/aer/m/n/7 wesley(0.075) clark(0.074)
 []


Underfull \hbox (badness 3009) in paragraph at lines 198--198
\T1/aer/m/n/7 dean(0.055) pri-mary(0.052)
 []


Underfull \hbox (badness 10000) in paragraph at lines 198--198
\T1/aer/m/n/7 kerry(0.049) hamp-
 []


Underfull \hbox (badness 10000) in paragraph at lines 198--198
\T1/aer/m/n/7 shire(0.048) 2004(0.045)
 []


Underfull \hbox (badness 2073) in paragraph at lines 199--199
[]|\T1/aer/m/n/7 edwards(0.048) dean(0.048)
 []


Underfull \hbox (badness 10000) in paragraph at lines 199--199
\T1/aer/m/n/7 cam-paign(0.043) dr(0.034)
 []


Underfull \hbox (badness 10000) in paragraph at lines 199--199
\T1/aer/m/n/7 kerry(0.025) can-di-
 []


Underfull \hbox (badness 10000) in paragraph at lines 199--199
\T1/aer/m/n/7 date(0.024) s(0.018)
 []


Underfull \hbox (badness 5331) in paragraph at lines 199--199
\T1/aer/m/n/7 iowa(0.018) pri-mary(0.016)
 []


Underfull \hbox (badness 10000) in paragraph at lines 200--200
\T1/aer/m/n/7 de-tainee(0.03) pris-
 []


Underfull \hbox (badness 10000) in paragraph at lines 200--200
\T1/aer/m/n/7 ri-cardo(0.028) fay(0.028)
 []


Underfull \hbox (badness 10000) in paragraph at lines 201--201
[]|\T1/aer/m/n/7 prisoner(0.034) mil-i-
 []


Underfull \hbox (badness 10000) in paragraph at lines 201--201
\T1/aer/m/n/7 tary(0.033) abuse(0.026)
 []


Underfull \hbox (badness 10000) in paragraph at lines 201--201
\T1/aer/m/n/7 de-tainee(0.025) in-ter-ro-
 []


Underfull \hbox (badness 10000) in paragraph at lines 201--201
\T1/aer/m/n/7 gate(0.023) iraq(0.023)
 []


Underfull \hbox (badness 10000) in paragraph at lines 201--201
\T1/aer/m/n/7 prison(0.021) abu(0.018)
 []


Underfull \hbox (badness 10000) in paragraph at lines 201--201
\T1/aer/m/n/7 ghraib(0.018) amer-
 []


Underfull \hbox (badness 6141) in paragraph at lines 202--202
\T1/aer/m/n/7 tion(0.11) cam-paign(0.102)
 []


Underfull \hbox (badness 10000) in paragraph at lines 203--203
[]|\T1/aer/m/n/7 kerry(0.135) bush(0.071)
 []


Underfull \hbox (badness 10000) in paragraph at lines 203--203
\T1/aer/m/n/7 cam-paign(0.046) s(0.038)
 []


Underfull \hbox (badness 10000) in paragraph at lines 203--203
\T1/aer/m/n/7 re-pub-li-can(0.012) demo-
 []


Underfull \hbox (badness 7486) in paragraph at lines 204--204
[]|\T1/aer/m/n/7 port(0.044) au(0.04) aris-
 []


Underfull \hbox (badness 10000) in paragraph at lines 204--204
\T1/aer/m/n/7 tide(0.038) prince(0.033)
 []


Underfull \hbox (badness 10000) in paragraph at lines 204--204
\T1/aer/m/n/7 philippe(0.032) rebel(0.03)
 []


Underfull \hbox (badness 10000) in paragraph at lines 204--204
\T1/aer/m/n/7 hai-tien(0.028) gona(0.028)
 []


Underfull \hbox (badness 10000) in paragraph at lines 205--205
[]|\T1/aer/m/n/7 haiti(0.049) aris-
 []


Underfull \hbox (badness 10000) in paragraph at lines 205--205
\T1/aer/m/n/7 tide(0.037) gov-ern-
 []


Underfull \hbox (badness 10000) in paragraph at lines 205--205
\T1/aer/m/n/7 ment(0.022) cuba(0.018)
 []


Underfull \hbox (badness 10000) in paragraph at lines 205--205
\T1/aer/m/n/7 s(0.015) pres-i-dent(0.014)
 []


Underfull \hbox (badness 10000) in paragraph at lines 205--205
\T1/aer/m/n/7 rebel(0.013) chile(0.013)
 []


Underfull \hbox (badness 10000) in paragraph at lines 205--205
\T1/aer/m/n/7 zim-babwe(0.012) coun-
 []


Underfull \hbox (badness 10000) in paragraph at lines 206--206
[]|\T1/aer/m/n/7 sadr(0.05) mok-tada(0.044)
 []


Underfull \hbox (badness 1924) in paragraph at lines 206--206
\T1/aer/m/n/7 mili-tia(0.037) fal-luja(0.036)
 []


Underfull \hbox (badness 10000) in paragraph at lines 206--206
\T1/aer/m/n/7 strug-gle(0.026) kar-
 []


Underfull \hbox (badness 10000) in paragraph at lines 207--207
[]|\T1/aer/m/n/7 vote(0.077) elec-tion(0.059)
 []


Underfull \hbox (badness 10000) in paragraph at lines 207--207
\T1/aer/m/n/7 voter(0.057) per-cent(0.03)
 []


Underfull \hbox (badness 10000) in paragraph at lines 207--207
\T1/aer/m/n/7 poll(0.027) bal-lot(0.022)
 []


Underfull \hbox (badness 10000) in paragraph at lines 207--207
\T1/aer/m/n/7 party(0.021) can-di-
 []


Underfull \hbox (badness 10000) in paragraph at lines 207--207
\T1/aer/m/n/7 date(0.018) re-pub-
 []


Underfull \hbox (badness 10000) in paragraph at lines 207--207
\T1/aer/m/n/7 li-can(0.016) demo-
 []

[3 <./plots/events_at_depth.pdf> <./plots/prop_at_depth.pdf>]
(./willis-events-sigir-2016.bbl [4]) [5

] (./willis-events-sigir-2016.aux) ) 
Here is how much of TeX's memory you used:
 4010 strings out of 494522
 57550 string characters out of 6167205
 125662 words of memory out of 5000000
 7167 multiletter control sequences out of 15000+600000
 62169 words of font info for 88 fonts, out of 8000000 for 9000
 319 hyphenation exceptions out of 8191
 41i,9n,38p,958b,373s stack positions out of 5000i,500n,10000p,200000b,80000s
{/usr/local/texlive/2014basic/texmf-dist/fo
nts/enc/dvips/base/8r.enc}</usr/local/texlive/2014basic/texmf-dist/fonts/type1/
public/amsfonts/cm/cmbx7.pfb></usr/local/texlive/2014basic/texmf-dist/fonts/typ
e1/public/amsfonts/cm/cmbx9.pfb></usr/local/texlive/2014basic/texmf-dist/fonts/
type1/public/amsfonts/cm/cmcsc10.pfb></usr/local/texlive/2014basic/texmf-dist/f
onts/type1/public/amsfonts/cmextra/cmex9.pfb></usr/local/texlive/2014basic/texm
f-dist/fonts/type1/public/amsfonts/cm/cmmi6.pfb></usr/local/texlive/2014basic/t
exmf-dist/fonts/type1/public/amsfonts/cm/cmmi9.pfb></usr/local/texlive/2014basi
c/texmf-dist/fonts/type1/public/amsfonts/cm/cmr6.pfb></usr/local/texlive/2014ba
sic/texmf-dist/fonts/type1/public/amsfonts/cm/cmr7.pfb></usr/local/texlive/2014
basic/texmf-dist/fonts/type1/public/amsfonts/cm/cmr9.pfb></usr/local/texlive/20
14basic/texmf-dist/fonts/type1/public/amsfonts/cm/cmsy6.pfb></usr/local/texlive
/2014basic/texmf-dist/fonts/type1/public/amsfonts/cm/cmsy9.pfb></usr/local/texl
ive/2014basic/texmf-dist/fonts/type1/public/amsfonts/cm/cmti9.pfb></usr/local/t
exlive/2014basic/texmf-dist/fonts/type1/urw/helvetic/uhvb8a.pfb></usr/local/tex
live/2014basic/texmf-dist/fonts/type1/urw/helvetic/uhvr8a.pfb></usr/local/texli
ve/2014basic/texmf-dist/fonts/type1/urw/times/utmb8a.pfb></usr/local/texlive/20
14basic/texmf-dist/fonts/type1/urw/times/utmr8a.pfb></usr/local/texlive/2014bas
ic/texmf-dist/fonts/type1/urw/times/utmri8a.pfb>
Output written on willis-events-sigir-2016.pdf (5 pages, 225166 bytes).
PDF statistics:
 101 PDF objects out of 1000 (max. 8388607)
 72 compressed objects within 1 object stream
 0 named destinations out of 1000 (max. 500000)
 11 words of extra memory for PDF output out of 10000 (max. 10000000)

